[Package Manager] Server::Start -- Port 63748 was selected

LICENSE SYSTEM [2018622 11:10:44] Next license update check is after 2018-06-21T19:31:56


 COMMAND LINE ARGUMENTS:
/Applications/Unity/Unity.app/Contents/MacOS/Unity
-quit
-batchmode
-nographics
-projectPath
/Users/lexa/projects/games/asteroids_unity
-executeMethod
Build.PerformBuild
-logFile
build.log
Successfully changed project path to: /Users/lexa/projects/games/asteroids_unity
/Users/lexa/projects/games/asteroids_unity
Loading GUID <-> Path mappings...0.000046 seconds
Loading Asset Database...0.007677 seconds
Audio: FMOD Profiler initialized on port 54900
AssetDatabase consistency checks...0.041724 seconds
Refreshing native plugins compatible for Editor in 4.72 ms, found 0 plugins.
Preloading 0 native plugins for Editor in 0.00 ms.
DisplayProgressbar: Unity Package Manager
[Package Manager] Done resolving packages in 0.22s seconds
[Package Manager] Registering 62 packages:
[Package Manager]  * Package :  com.unity.ads@2.0.7
    (location: /Users/lexa/Library/Unity/cache/packages/packages.unity.com/com.unity.ads@2.0.7)
[Package Manager]  * Package :  com.unity.analytics@2.0.16
    (location: /Users/lexa/Library/Unity/cache/packages/packages.unity.com/com.unity.analytics@2.0.16)
[Package Manager]  * Package :  com.unity.modules.accessibility@file:/Applications/Unity/Unity.app/Contents/Resources/PackageManager/Editor/com.unity.modules.accessibility
    (location: /Applications/Unity/Unity.app/Contents/Resources/PackageManager/Editor/com.unity.modules.accessibility)
[Package Manager]  * Package :  com.unity.modules.ai@file:/Applications/Unity/Unity.app/Contents/Resources/PackageManager/Editor/com.unity.modules.ai
    (location: /Applications/Unity/Unity.app/Contents/Resources/PackageManager/Editor/com.unity.modules.ai)
[Package Manager]  * Package :  com.unity.modules.animation@file:/Applications/Unity/Unity.app/Contents/Resources/PackageManager/Editor/com.unity.modules.animation
    (location: /Applications/Unity/Unity.app/Contents/Resources/PackageManager/Editor/com.unity.modules.animation)
[Package Manager]  * Package :  com.unity.modules.ar@file:/Applications/Unity/Unity.app/Contents/Resources/PackageManager/Editor/com.unity.modules.ar
    (location: /Applications/Unity/Unity.app/Contents/Resources/PackageManager/Editor/com.unity.modules.ar)
[Package Manager]  * Package :  com.unity.modules.assetbundle@file:/Applications/Unity/Unity.app/Contents/Resources/PackageManager/Editor/com.unity.modules.assetbundle
    (location: /Applications/Unity/Unity.app/Contents/Resources/PackageManager/Editor/com.unity.modules.assetbundle)
[Package Manager]  * Package :  com.unity.modules.audio@file:/Applications/Unity/Unity.app/Contents/Resources/PackageManager/Editor/com.unity.modules.audio
    (location: /Applications/Unity/Unity.app/Contents/Resources/PackageManager/Editor/com.unity.modules.audio)
[Package Manager]  * Package :  com.unity.modules.baselib@file:/Applications/Unity/Unity.app/Contents/Resources/PackageManager/Editor/com.unity.modules.baselib
    (location: /Applications/Unity/Unity.app/Contents/Resources/PackageManager/Editor/com.unity.modules.baselib)
[Package Manager]  * Package :  com.unity.modules.cloth@file:/Applications/Unity/Unity.app/Contents/Resources/PackageManager/Editor/com.unity.modules.cloth
    (location: /Applications/Unity/Unity.app/Contents/Resources/PackageManager/Editor/com.unity.modules.cloth)
[Package Manager]  * Package :  com.unity.modules.cloudwebservices@file:/Applications/Unity/Unity.app/Contents/Resources/PackageManager/Editor/com.unity.modules.cloudwebservices
    (location: /Applications/Unity/Unity.app/Contents/Resources/PackageManager/Editor/com.unity.modules.cloudwebservices)
[Package Manager]  * Package :  com.unity.modules.clusterinput@file:/Applications/Unity/Unity.app/Contents/Resources/PackageManager/Editor/com.unity.modules.clusterinput
    (location: /Applications/Unity/Unity.app/Contents/Resources/PackageManager/Editor/com.unity.modules.clusterinput)
[Package Manager]  * Package :  com.unity.modules.clusterrenderer@file:/Applications/Unity/Unity.app/Contents/Resources/PackageManager/Editor/com.unity.modules.clusterrenderer
    (location: /Applications/Unity/Unity.app/Contents/Resources/PackageManager/Editor/com.unity.modules.clusterrenderer)
[Package Manager]  * Package :  com.unity.modules.core@file:/Applications/Unity/Unity.app/Contents/Resources/PackageManager/Editor/com.unity.modules.core
    (location: /Applications/Unity/Unity.app/Contents/Resources/PackageManager/Editor/com.unity.modules.core)
[Package Manager]  * Package :  com.unity.modules.crashreporting@file:/Applications/Unity/Unity.app/Contents/Resources/PackageManager/Editor/com.unity.modules.crashreporting
    (location: /Applications/Unity/Unity.app/Contents/Resources/PackageManager/Editor/com.unity.modules.crashreporting)
[Package Manager]  * Package :  com.unity.modules.director@file:/Applications/Unity/Unity.app/Contents/Resources/PackageManager/Editor/com.unity.modules.director
    (location: /Applications/Unity/Unity.app/Contents/Resources/PackageManager/Editor/com.unity.modules.director)
[Package Manager]  * Package :  com.unity.modules.facebook@file:/Applications/Unity/Unity.app/Contents/Resources/PackageManager/Editor/com.unity.modules.facebook
    (location: /Applications/Unity/Unity.app/Contents/Resources/PackageManager/Editor/com.unity.modules.facebook)
[Package Manager]  * Package :  com.unity.modules.gamecenter@file:/Applications/Unity/Unity.app/Contents/Resources/PackageManager/Editor/com.unity.modules.gamecenter
    (location: /Applications/Unity/Unity.app/Contents/Resources/PackageManager/Editor/com.unity.modules.gamecenter)
[Package Manager]  * Package :  com.unity.modules.grid@file:/Applications/Unity/Unity.app/Contents/Resources/PackageManager/Editor/com.unity.modules.grid
    (location: /Applications/Unity/Unity.app/Contents/Resources/PackageManager/Editor/com.unity.modules.grid)
[Package Manager]  * Package :  com.unity.modules.hotreload@file:/Applications/Unity/Unity.app/Contents/Resources/PackageManager/Editor/com.unity.modules.hotreload
    (location: /Applications/Unity/Unity.app/Contents/Resources/PackageManager/Editor/com.unity.modules.hotreload)
[Package Manager]  * Package :  com.unity.modules.imageconversion@file:/Applications/Unity/Unity.app/Contents/Resources/PackageManager/Editor/com.unity.modules.imageconversion
    (location: /Applications/Unity/Unity.app/Contents/Resources/PackageManager/Editor/com.unity.modules.imageconversion)
[Package Manager]  * Package :  com.unity.modules.imgui@file:/Applications/Unity/Unity.app/Contents/Resources/PackageManager/Editor/com.unity.modules.imgui
    (location: /Applications/Unity/Unity.app/Contents/Resources/PackageManager/Editor/com.unity.modules.imgui)
[Package Manager]  * Package :  com.unity.modules.input@file:/Applications/Unity/Unity.app/Contents/Resources/PackageManager/Editor/com.unity.modules.input
    (location: /Applications/Unity/Unity.app/Contents/Resources/PackageManager/Editor/com.unity.modules.input)
[Package Manager]  * Package :  com.unity.modules.jsonserialize@file:/Applications/Unity/Unity.app/Contents/Resources/PackageManager/Editor/com.unity.modules.jsonserialize
    (location: /Applications/Unity/Unity.app/Contents/Resources/PackageManager/Editor/com.unity.modules.jsonserialize)
[Package Manager]  * Package :  com.unity.modules.particleslegacy@file:/Applications/Unity/Unity.app/Contents/Resources/PackageManager/Editor/com.unity.modules.particleslegacy
    (location: /Applications/Unity/Unity.app/Contents/Resources/PackageManager/Editor/com.unity.modules.particleslegacy)
[Package Manager]  * Package :  com.unity.modules.particlesystem@file:/Applications/Unity/Unity.app/Contents/Resources/PackageManager/Editor/com.unity.modules.particlesystem
    (location: /Applications/Unity/Unity.app/Contents/Resources/PackageManager/Editor/com.unity.modules.particlesystem)
[Package Manager]  * Package :  com.unity.modules.performancereporting@file:/Applications/Unity/Unity.app/Contents/Resources/PackageManager/Editor/com.unity.modules.performancereporting
    (location: /Applications/Unity/Unity.app/Contents/Resources/PackageManager/Editor/com.unity.modules.performancereporting)
[Package Manager]  * Package :  com.unity.modules.physics2d@file:/Applications/Unity/Unity.app/Contents/Resources/PackageManager/Editor/com.unity.modules.physics2d
    (location: /Applications/Unity/Unity.app/Contents/Resources/PackageManager/Editor/com.unity.modules.physics2d)
[Package Manager]  * Package :  com.unity.modules.physics@file:/Applications/Unity/Unity.app/Contents/Resources/PackageManager/Editor/com.unity.modules.physics
    (location: /Applications/Unity/Unity.app/Contents/Resources/PackageManager/Editor/com.unity.modules.physics)
[Package Manager]  * Package :  com.unity.modules.screencapture@file:/Applications/Unity/Unity.app/Contents/Resources/PackageManager/Editor/com.unity.modules.screencapture
    (location: /Applications/Unity/Unity.app/Contents/Resources/PackageManager/Editor/com.unity.modules.screencapture)
[Package Manager]  * Package :  com.unity.modules.sharedinternals@file:/Applications/Unity/Unity.app/Contents/Resources/PackageManager/Editor/com.unity.modules.sharedinternals
    (location: /Applications/Unity/Unity.app/Contents/Resources/PackageManager/Editor/com.unity.modules.sharedinternals)
[Package Manager]  * Package :  com.unity.modules.spatialtracking@file:/Applications/Unity/Unity.app/Contents/Resources/PackageManager/Editor/com.unity.modules.spatialtracking
    (location: /Applications/Unity/Unity.app/Contents/Resources/PackageManager/Editor/com.unity.modules.spatialtracking)
[Package Manager]  * Package :  com.unity.modules.spritemask@file:/Applications/Unity/Unity.app/Contents/Resources/PackageManager/Editor/com.unity.modules.spritemask
    (location: /Applications/Unity/Unity.app/Contents/Resources/PackageManager/Editor/com.unity.modules.spritemask)
[Package Manager]  * Package :  com.unity.modules.spriteshape@file:/Applications/Unity/Unity.app/Contents/Resources/PackageManager/Editor/com.unity.modules.spriteshape
    (location: /Applications/Unity/Unity.app/Contents/Resources/PackageManager/Editor/com.unity.modules.spriteshape)
[Package Manager]  * Package :  com.unity.modules.stylesheets@file:/Applications/Unity/Unity.app/Contents/Resources/PackageManager/Editor/com.unity.modules.stylesheets
    (location: /Applications/Unity/Unity.app/Contents/Resources/PackageManager/Editor/com.unity.modules.stylesheets)
[Package Manager]  * Package :  com.unity.modules.substance@file:/Applications/Unity/Unity.app/Contents/Resources/PackageManager/Editor/com.unity.modules.substance
    (location: /Applications/Unity/Unity.app/Contents/Resources/PackageManager/Editor/com.unity.modules.substance)
[Package Manager]  * Package :  com.unity.modules.terrain@file:/Applications/Unity/Unity.app/Contents/Resources/PackageManager/Editor/com.unity.modules.terrain
    (location: /Applications/Unity/Unity.app/Contents/Resources/PackageManager/Editor/com.unity.modules.terrain)
[Package Manager]  * Package :  com.unity.modules.terrainphysics@file:/Applications/Unity/Unity.app/Contents/Resources/PackageManager/Editor/com.unity.modules.terrainphysics
    (location: /Applications/Unity/Unity.app/Contents/Resources/PackageManager/Editor/com.unity.modules.terrainphysics)
[Package Manager]  * Package :  com.unity.modules.textrendering@file:/Applications/Unity/Unity.app/Contents/Resources/PackageManager/Editor/com.unity.modules.textrendering
    (location: /Applications/Unity/Unity.app/Contents/Resources/PackageManager/Editor/com.unity.modules.textrendering)
[Package Manager]  * Package :  com.unity.modules.tilemap@file:/Applications/Unity/Unity.app/Contents/Resources/PackageManager/Editor/com.unity.modules.tilemap
    (location: /Applications/Unity/Unity.app/Contents/Resources/PackageManager/Editor/com.unity.modules.tilemap)
[Package Manager]  * Package :  com.unity.modules.timeline@file:/Applications/Unity/Unity.app/Contents/Resources/PackageManager/Editor/com.unity.modules.timeline
    (location: /Applications/Unity/Unity.app/Contents/Resources/PackageManager/Editor/com.unity.modules.timeline)
[Package Manager]  * Package :  com.unity.modules.tls@file:/Applications/Unity/Unity.app/Contents/Resources/PackageManager/Editor/com.unity.modules.tls
    (location: /Applications/Unity/Unity.app/Contents/Resources/PackageManager/Editor/com.unity.modules.tls)
[Package Manager]  * Package :  com.unity.modules.ui@file:/Applications/Unity/Unity.app/Contents/Resources/PackageManager/Editor/com.unity.modules.ui
    (location: /Applications/Unity/Unity.app/Contents/Resources/PackageManager/Editor/com.unity.modules.ui)
[Package Manager]  * Package :  com.unity.modules.uielements@file:/Applications/Unity/Unity.app/Contents/Resources/PackageManager/Editor/com.unity.modules.uielements
    (location: /Applications/Unity/Unity.app/Contents/Resources/PackageManager/Editor/com.unity.modules.uielements)
[Package Manager]  * Package :  com.unity.modules.umbra@file:/Applications/Unity/Unity.app/Contents/Resources/PackageManager/Editor/com.unity.modules.umbra
    (location: /Applications/Unity/Unity.app/Contents/Resources/PackageManager/Editor/com.unity.modules.umbra)
[Package Manager]  * Package :  com.unity.modules.unet@file:/Applications/Unity/Unity.app/Contents/Resources/PackageManager/Editor/com.unity.modules.unet
    (location: /Applications/Unity/Unity.app/Contents/Resources/PackageManager/Editor/com.unity.modules.unet)
[Package Manager]  * Package :  com.unity.modules.unityanalytics@file:/Applications/Unity/Unity.app/Contents/Resources/PackageManager/Editor/com.unity.modules.unityanalytics
    (location: /Applications/Unity/Unity.app/Contents/Resources/PackageManager/Editor/com.unity.modules.unityanalytics)
[Package Manager]  * Package :  com.unity.modules.unityconnect@file:/Applications/Unity/Unity.app/Contents/Resources/PackageManager/Editor/com.unity.modules.unityconnect
    (location: /Applications/Unity/Unity.app/Contents/Resources/PackageManager/Editor/com.unity.modules.unityconnect)
[Package Manager]  * Package :  com.unity.modules.unitywebrequest@file:/Applications/Unity/Unity.app/Contents/Resources/PackageManager/Editor/com.unity.modules.unitywebrequest
    (location: /Applications/Unity/Unity.app/Contents/Resources/PackageManager/Editor/com.unity.modules.unitywebrequest)
[Package Manager]  * Package :  com.unity.modules.unitywebrequestassetbundle@file:/Applications/Unity/Unity.app/Contents/Resources/PackageManager/Editor/com.unity.modules.unitywebrequestassetbundle
    (location: /Applications/Unity/Unity.app/Contents/Resources/PackageManager/Editor/com.unity.modules.unitywebrequestassetbundle)
[Package Manager]  * Package :  com.unity.modules.unitywebrequestaudio@file:/Applications/Unity/Unity.app/Contents/Resources/PackageManager/Editor/com.unity.modules.unitywebrequestaudio
    (location: /Applications/Unity/Unity.app/Contents/Resources/PackageManager/Editor/com.unity.modules.unitywebrequestaudio)
[Package Manager]  * Package :  com.unity.modules.unitywebrequesttexture@file:/Applications/Unity/Unity.app/Contents/Resources/PackageManager/Editor/com.unity.modules.unitywebrequesttexture
    (location: /Applications/Unity/Unity.app/Contents/Resources/PackageManager/Editor/com.unity.modules.unitywebrequesttexture)
[Package Manager]  * Package :  com.unity.modules.unitywebrequestwww@file:/Applications/Unity/Unity.app/Contents/Resources/PackageManager/Editor/com.unity.modules.unitywebrequestwww
    (location: /Applications/Unity/Unity.app/Contents/Resources/PackageManager/Editor/com.unity.modules.unitywebrequestwww)
[Package Manager]  * Package :  com.unity.modules.vehicles@file:/Applications/Unity/Unity.app/Contents/Resources/PackageManager/Editor/com.unity.modules.vehicles
    (location: /Applications/Unity/Unity.app/Contents/Resources/PackageManager/Editor/com.unity.modules.vehicles)
[Package Manager]  * Package :  com.unity.modules.video@file:/Applications/Unity/Unity.app/Contents/Resources/PackageManager/Editor/com.unity.modules.video
    (location: /Applications/Unity/Unity.app/Contents/Resources/PackageManager/Editor/com.unity.modules.video)
[Package Manager]  * Package :  com.unity.modules.vr@file:/Applications/Unity/Unity.app/Contents/Resources/PackageManager/Editor/com.unity.modules.vr
    (location: /Applications/Unity/Unity.app/Contents/Resources/PackageManager/Editor/com.unity.modules.vr)
[Package Manager]  * Package :  com.unity.modules.web@file:/Applications/Unity/Unity.app/Contents/Resources/PackageManager/Editor/com.unity.modules.web
    (location: /Applications/Unity/Unity.app/Contents/Resources/PackageManager/Editor/com.unity.modules.web)
[Package Manager]  * Package :  com.unity.modules.wind@file:/Applications/Unity/Unity.app/Contents/Resources/PackageManager/Editor/com.unity.modules.wind
    (location: /Applications/Unity/Unity.app/Contents/Resources/PackageManager/Editor/com.unity.modules.wind)
[Package Manager]  * Package :  com.unity.modules.xr@file:/Applications/Unity/Unity.app/Contents/Resources/PackageManager/Editor/com.unity.modules.xr
    (location: /Applications/Unity/Unity.app/Contents/Resources/PackageManager/Editor/com.unity.modules.xr)
[Package Manager]  * Package :  com.unity.package-manager-ui@1.8.8
    (location: /Users/lexa/Library/Unity/cache/packages/packages.unity.com/com.unity.package-manager-ui@1.8.8)
[Package Manager]  * Package :  com.unity.purchasing@2.0.1
    (location: /Users/lexa/Library/Unity/cache/packages/packages.unity.com/com.unity.purchasing@2.0.1)
[Package Manager]  * Package :  com.unity.standardevents@1.0.13
    (location: /Users/lexa/Library/Unity/cache/packages/packages.unity.com/com.unity.standardevents@1.0.13)
[Package Manager] Done registering packages in 0.00s seconds
Initialize engine version: 2018.1.5f1 (732dbf75922d)
Forcing GfxDevice: Null
GfxDevice: creating device client; threaded=0
NullGfxDevice:
    Version:  NULL 1.0 [1.0]
    Renderer: Null Device
    Vendor:   Unity Technologies
WARNING: Shader Unsupported: 'Hidden/FrameDebuggerRenderTargetDisplay' - Pass '' has no vertex shader
Initialize mono
Mono path[0] = '/Applications/Unity/Unity.app/Contents/Managed'
Mono path[1] = '/Applications/Unity/Unity.app/Contents/Mono/lib/mono/2.0'
Mono config path = '/Applications/Unity/Unity.app/Contents/Mono/etc'
Using monoOptions --debugger-agent=transport=dt_socket,embedding=1,defer=y,address=0.0.0.0:56361
Begin MonoManager ReloadAssembly
Initializing Unity.PackageManager (PackageManager) v2018.1.5 for Unity v2018.1.5f1
Registering precompiled unity dll's ...
Register platform support module: /Applications/Unity/PlaybackEngines/WebGLSupport/UnityEditor.WebGL.Extensions.dll
Register platform support module: /Applications/Unity/PlaybackEngines/WindowsStandaloneSupport/UnityEditor.WindowsStandalone.Extensions.dll
Register platform support module: /Applications/Unity/Unity.app/Contents/PlaybackEngines/MacStandaloneSupport/UnityEditor.OSXStandalone.Extensions.dll
Registered in 0.000634 seconds.
Registering precompiled user dll's ...
Registered in 0.030371 seconds.
Refreshing native plugins compatible for Editor in 0.46 ms, found 4 plugins.
Preloading 2 native plugins for Editor in 6.73 ms.
Mono: successfully reloaded assembly
- Completed reload, in  1.120 seconds
Registering platform support modules:
Registered platform support modules in: 0.086956s.
Native extension for OSXStandalone target not found
Native extension for WindowsStandalone target not found
Native extension for WebGL target not found
Begin MonoManager ReloadAssembly
Refreshing native plugins compatible for Editor in 0.43 ms, found 4 plugins.
Preloading 2 native plugins for Editor in 1.46 ms.
Mono: successfully reloaded assembly
- Completed reload, in  0.564 seconds
Initializing Unity.PackageManager (PackageManager) v2018.1.5 for Unity v2018.1.5f1
Registering platform support modules:
Registered platform support modules in: 0.047922s.
Native extension for OSXStandalone target not found
Native extension for WindowsStandalone target not found
Native extension for WebGL target not found
Validating Project structure ... 0.002045 seconds.
Refresh: detecting if any assets need to be imported or removed ... 
Hashing assets (1 files)... 0.000 seconds
  file read: 0.000 seconds (0.001 MB)
  wait for write: 0.000 seconds (I/O thread blocked by consumer, aka CPU bound)
  wait for read: 0.000 seconds (CPUT thread waiting for I/O thread, aka disk bound)
  hash: 0.000 seconds
----- Compute hash(es) for 1 asset(s).

Refresh: elapses 0.077897 seconds
Updating Assets/Scripts/Build.cs - GUID: 1c37ed1f096194e7c8682345256f06ea...
 done. [Time: 97.821776 ms] 
Unloading 162 Unused Serialized files (Serialized files now loaded: 0)
System memory in use before: 302.2 MB.
System memory in use after: 241.6 MB.

Unloading 276 unused Assets to reduce memory usage. Loaded Objects now: 710.
Total: 17.330492 ms (FindLiveObjects: 0.752406 ms CreateObjectMapping: 0.038276 ms MarkObjects: 1.660013 ms  DeleteObjects: 14.878507 ms)

- Starting compile Library/ScriptAssemblies/Assembly-CSharp.dll

-----Compiler Commandline Arguments:
Filename: /Applications/Unity/Unity.app/Contents/MonoBleedingEdge/bin/mono
Arguments: '/Applications/Unity/Unity.app/Contents/MonoBleedingEdge/lib/mono/4.5/mcs.exe'  @Temp/UnityTempFile-5301300b7a0c1462fa1c7517ccf7508f
index: 81
Responsefile: Temp/UnityTempFile-5301300b7a0c1462fa1c7517ccf7508f Contents: 
-debug
-target:library
-nowarn:0169
-langversion:4
-out:'Temp/Assembly-CSharp.dll'
-nostdlib
-r:'/Applications/Unity/Unity.app/Contents/Managed/UnityEngine/UnityEngine.dll'
-r:'/Applications/Unity/Unity.app/Contents/Managed/UnityEngine/UnityEngine.AIModule.dll'
-r:'/Applications/Unity/Unity.app/Contents/Managed/UnityEngine/UnityEngine.ARModule.dll'
-r:'/Applications/Unity/Unity.app/Contents/Managed/UnityEngine/UnityEngine.AccessibilityModule.dll'
-r:'/Applications/Unity/Unity.app/Contents/Managed/UnityEngine/UnityEngine.AnimationModule.dll'
-r:'/Applications/Unity/Unity.app/Contents/Managed/UnityEngine/UnityEngine.AssetBundleModule.dll'
-r:'/Applications/Unity/Unity.app/Contents/Managed/UnityEngine/UnityEngine.AudioModule.dll'
-r:'/Applications/Unity/Unity.app/Contents/Managed/UnityEngine/UnityEngine.BaselibModule.dll'
-r:'/Applications/Unity/Unity.app/Contents/Managed/UnityEngine/UnityEngine.ClothModule.dll'
-r:'/Applications/Unity/Unity.app/Contents/Managed/UnityEngine/UnityEngine.CloudWebServicesModule.dll'
-r:'/Applications/Unity/Unity.app/Contents/Managed/UnityEngine/UnityEngine.CoreModule.dll'
-r:'/Applications/Unity/Unity.app/Contents/Managed/UnityEngine/UnityEngine.CrashReportingModule.dll'
-r:'/Applications/Unity/Unity.app/Contents/Managed/UnityEngine/UnityEngine.DirectorModule.dll'
-r:'/Applications/Unity/Unity.app/Contents/Managed/UnityEngine/UnityEngine.FacebookModule.dll'
-r:'/Applications/Unity/Unity.app/Contents/Managed/UnityEngine/UnityEngine.GameCenterModule.dll'
-r:'/Applications/Unity/Unity.app/Contents/Managed/UnityEngine/UnityEngine.GridModule.dll'
-r:'/Applications/Unity/Unity.app/Contents/Managed/UnityEngine/UnityEngine.HotReloadModule.dll'
-r:'/Applications/Unity/Unity.app/Contents/Managed/UnityEngine/UnityEngine.IMGUIModule.dll'
-r:'/Applications/Unity/Unity.app/Contents/Managed/UnityEngine/UnityEngine.ImageConversionModule.dll'
-r:'/Applications/Unity/Unity.app/Contents/Managed/UnityEngine/UnityEngine.InputModule.dll'
-r:'/Applications/Unity/Unity.app/Contents/Managed/UnityEngine/UnityEngine.JSONSerializeModule.dll'
-r:'/Applications/Unity/Unity.app/Contents/Managed/UnityEngine/UnityEngine.ParticleSystemModule.dll'
-r:'/Applications/Unity/Unity.app/Contents/Managed/UnityEngine/UnityEngine.ParticlesLegacyModule.dll'
-r:'/Applications/Unity/Unity.app/Contents/Managed/UnityEngine/UnityEngine.PerformanceReportingModule.dll'
-r:'/Applications/Unity/Unity.app/Contents/Managed/UnityEngine/UnityEngine.PhysicsModule.dll'
-r:'/Applications/Unity/Unity.app/Contents/Managed/UnityEngine/UnityEngine.Physics2DModule.dll'
-r:'/Applications/Unity/Unity.app/Contents/Managed/UnityEngine/UnityEngine.ScreenCaptureModule.dll'
-r:'/Applications/Unity/Unity.app/Contents/Managed/UnityEngine/UnityEngine.SharedInternalsModule.dll'
-r:'/Applications/Unity/Unity.app/Contents/Managed/UnityEngine/UnityEngine.SpatialTrackingModule.dll'
-r:'/Applications/Unity/Unity.app/Contents/Managed/UnityEngine/UnityEngine.SpriteMaskModule.dll'
-r:'/Applications/Unity/Unity.app/Contents/Managed/UnityEngine/UnityEngine.SpriteShapeModule.dll'
-r:'/Applications/Unity/Unity.app/Contents/Managed/UnityEngine/UnityEngine.StyleSheetsModule.dll'
-r:'/Applications/Unity/Unity.app/Contents/Managed/UnityEngine/UnityEngine.SubstanceModule.dll'
-r:'/Applications/Unity/Unity.app/Contents/Managed/UnityEngine/UnityEngine.TLSModule.dll'
-r:'/Applications/Unity/Unity.app/Contents/Managed/UnityEngine/UnityEngine.TerrainModule.dll'
-r:'/Applications/Unity/Unity.app/Contents/Managed/UnityEngine/UnityEngine.TerrainPhysicsModule.dll'
-r:'/Applications/Unity/Unity.app/Contents/Managed/UnityEngine/UnityEngine.TextRenderingModule.dll'
-r:'/Applications/Unity/Unity.app/Contents/Managed/UnityEngine/UnityEngine.TilemapModule.dll'
-r:'/Applications/Unity/Unity.app/Contents/Managed/UnityEngine/UnityEngine.TimelineModule.dll'
-r:'/Applications/Unity/Unity.app/Contents/Managed/UnityEngine/UnityEngine.UIModule.dll'
-r:'/Applications/Unity/Unity.app/Contents/Managed/UnityEngine/UnityEngine.UIElementsModule.dll'
-r:'/Applications/Unity/Unity.app/Contents/Managed/UnityEngine/UnityEngine.UNETModule.dll'
-r:'/Applications/Unity/Unity.app/Contents/Managed/UnityEngine/UnityEngine.UmbraModule.dll'
-r:'/Applications/Unity/Unity.app/Contents/Managed/UnityEngine/UnityEngine.UnityAnalyticsModule.dll'
-r:'/Applications/Unity/Unity.app/Contents/Managed/UnityEngine/UnityEngine.UnityConnectModule.dll'
-r:'/Applications/Unity/Unity.app/Contents/Managed/UnityEngine/UnityEngine.UnityWebRequestModule.dll'
-r:'/Applications/Unity/Unity.app/Contents/Managed/UnityEngine/UnityEngine.UnityWebRequestAssetBundleModule.dll'
-r:'/Applications/Unity/Unity.app/Contents/Managed/UnityEngine/UnityEngine.UnityWebRequestAudioModule.dll'
-r:'/Applications/Unity/Unity.app/Contents/Managed/UnityEngine/UnityEngine.UnityWebRequestTextureModule.dll'
-r:'/Applications/Unity/Unity.app/Contents/Managed/UnityEngine/UnityEngine.UnityWebRequestWWWModule.dll'
-r:'/Applications/Unity/Unity.app/Contents/Managed/UnityEngine/UnityEngine.VRModule.dll'
-r:'/Applications/Unity/Unity.app/Contents/Managed/UnityEngine/UnityEngine.VehiclesModule.dll'
-r:'/Applications/Unity/Unity.app/Contents/Managed/UnityEngine/UnityEngine.VideoModule.dll'
-r:'/Applications/Unity/Unity.app/Contents/Managed/UnityEngine/UnityEngine.WebModule.dll'
-r:'/Applications/Unity/PlaybackEngines/WebGLSupport/Managed/UnityEngine.WebGLModule.dll'
-r:'/Applications/Unity/Unity.app/Contents/Managed/UnityEngine/UnityEngine.WindModule.dll'
-r:'/Applications/Unity/Unity.app/Contents/Managed/UnityEngine/UnityEngine.XRModule.dll'
-r:'/Applications/Unity/Unity.app/Contents/Managed/UnityEditor.dll'
-r:'/Applications/Unity/Unity.app/Contents/Managed/Unity.Locator.dll'
-r:'Library/ScriptAssemblies/UnityEditor.StandardEvents.dll'
-r:'Library/ScriptAssemblies/Unity.PackageManagerUI.Editor.dll'
-r:'/Applications/Unity/Unity.app/Contents/UnityExtensions/Unity/UIAutomation/UnityEngine.UIAutomation.dll'
-r:'/Applications/Unity/Unity.app/Contents/UnityExtensions/Unity/Networking/UnityEngine.Networking.dll'
-r:'/Applications/Unity/Unity.app/Contents/UnityExtensions/Unity/GUISystem/UnityEngine.UI.dll'
-r:'/Applications/Unity/Unity.app/Contents/UnityExtensions/Unity/Timeline/RuntimeEditor/UnityEngine.Timeline.dll'
-r:'/Applications/Unity/Unity.app/Contents/UnityExtensions/Unity/UnityGoogleAudioSpatializer/RuntimeEditor/UnityEngine.GoogleAudioSpatializer.dll'
-r:'/Applications/Unity/Unity.app/Contents/UnityExtensions/Unity/UnityHoloLens/RuntimeEditor/UnityEngine.HoloLens.dll'
-r:'/Applications/Unity/Unity.app/Contents/UnityExtensions/Unity/UnitySpatialTracking/RuntimeEditor/UnityEngine.SpatialTracking.dll'
-r:'/Users/lexa/Library/Unity/cache/packages/packages.unity.com/com.unity.analytics@2.0.16/UnityEngine.Analytics.dll'
-r:'/Users/lexa/Library/Unity/cache/packages/packages.unity.com/com.unity.purchasing@2.0.1/UnityEngine.Purchasing.dll'
-r:'/Users/lexa/Library/Unity/cache/packages/packages.unity.com/com.unity.standardevents@1.0.13/UnityEngine.StandardEvents.dll'
-r:'/Applications/Unity/Unity.app/Contents/MonoBleedingEdge/lib/mono/unity/mscorlib.dll'
-r:'/Applications/Unity/Unity.app/Contents/MonoBleedingEdge/lib/mono/unity/System.dll'
-r:'/Applications/Unity/Unity.app/Contents/MonoBleedingEdge/lib/mono/unity/System.Core.dll'
-r:'/Applications/Unity/Unity.app/Contents/MonoBleedingEdge/lib/mono/unity/System.Runtime.Serialization.dll'
-r:'/Applications/Unity/Unity.app/Contents/MonoBleedingEdge/lib/mono/unity/System.Xml.dll'
-r:'/Applications/Unity/Unity.app/Contents/MonoBleedingEdge/lib/mono/unity/System.Xml.Linq.dll'
-r:'/Applications/Unity/Unity.app/Contents/MonoBleedingEdge/lib/mono/unity/UnityScript.dll'
-r:'/Applications/Unity/Unity.app/Contents/MonoBleedingEdge/lib/mono/unity/UnityScript.Lang.dll'
-r:'/Applications/Unity/Unity.app/Contents/MonoBleedingEdge/lib/mono/unity/Boo.Lang.dll'
-define:UNITY_5_3_OR_NEWER
-define:UNITY_5_4_OR_NEWER
-define:UNITY_5_5_OR_NEWER
-define:UNITY_5_6_OR_NEWER
-define:UNITY_2017_1_OR_NEWER
-define:UNITY_2017_2_OR_NEWER
-define:UNITY_2017_3_OR_NEWER
-define:UNITY_2018_1_OR_NEWER
-define:UNITY_2018_1_5
-define:UNITY_2018_1
-define:UNITY_2018
-define:ENABLE_AUDIO
-define:ENABLE_CACHING
-define:ENABLE_CLOTH
-define:ENABLE_MULTIPLE_DISPLAYS
-define:ENABLE_PHYSICS
-define:ENABLE_SPRITERENDERER_FLIPPING
-define:ENABLE_SPRITES
-define:ENABLE_GRID
-define:ENABLE_TILEMAP
-define:ENABLE_TERRAIN
-define:ENABLE_DIRECTOR
-define:ENABLE_UNET
-define:ENABLE_UNITYEVENTS
-define:ENABLE_WEBCAM
-define:ENABLE_WWW
-define:ENABLE_CLOUD_SERVICES_COLLAB
-define:ENABLE_CLOUD_SERVICES_COLLAB_SOFTLOCKS
-define:ENABLE_CLOUD_HUB
-define:ENABLE_CLOUD_PROJECT_ID
-define:ENABLE_CLOUD_SERVICES_USE_WEBREQUEST
-define:ENABLE_CLOUD_SERVICES_UNET
-define:ENABLE_CLOUD_SERVICES_BUILD
-define:ENABLE_CLOUD_LICENSE
-define:ENABLE_EDITOR_HUB
-define:ENABLE_EDITOR_HUB_LICENSE
-define:ENABLE_WEBSOCKET_CLIENT
-define:ENABLE_DIRECTOR_AUDIO
-define:ENABLE_DIRECTOR_TEXTURE
-define:ENABLE_TIMELINE
-define:ENABLE_EDITOR_METRICS
-define:ENABLE_EDITOR_METRICS_CACHING
-define:ENABLE_MANAGED_JOBS
-define:ENABLE_MANAGED_TRANSFORM_JOBS
-define:INCLUDE_DYNAMIC_GI
-define:INCLUDE_GI
-define:ENABLE_MONO_BDWGC
-define:RENDER_SOFTWARE_CURSOR
-define:INCLUDE_PUBNUB
-define:ENABLE_PLAYMODE_TESTS_RUNNER
-define:ENABLE_VIDEO
-define:ENABLE_PACKMAN
-define:ENABLE_CUSTOM_RENDER_TEXTURE
-define:ENABLE_LOCALIZATION
-define:PLATFORM_WEBGL
-define:UNITY_WEBGL
-define:UNITY_WEBGL_API
-define:UNITY_DISABLE_WEB_VERIFICATION
-define:UNITY_GFX_USE_PLATFORM_VSYNC
-define:ENABLE_CRUNCH_TEXTURE_COMPRESSION
-define:ENABLE_UNITYWEBREQUEST
-define:ENABLE_CLOUD_SERVICES
-define:ENABLE_CLOUD_SERVICES_ADS
-define:ENABLE_CLOUD_SERVICES_ANALYTICS
-define:ENABLE_CLOUD_SERVICES_PURCHASING
-define:ENABLE_CLOUD_SERVICES_CRASH_REPORTING
-define:ENABLE_VR
-define:ENABLE_SPATIALTRACKING
-define:ENABLE_IL2CPP
-define:NET_2_0_SUBSET
-define:ENABLE_PROFILER
-define:DEBUG
-define:TRACE
-define:UNITY_ASSERTIONS
-define:UNITY_EDITOR
-define:UNITY_EDITOR_64
-define:UNITY_EDITOR_OSX
-define:ENABLE_UNITY_COLLECTIONS_CHECKS
-define:UNITY_TEAM_LICENSE
'Assets/Scripts/Build.cs'
'Assets/Scripts/DestroyByContact.cs'
'Assets/Scripts/GameController.cs'
'Assets/Scripts/Mover.cs'
'Assets/Scripts/PlayerController.cs'
'Assets/Scripts/Tumble.cs'
'Assets/Scripts/WrapByBoundary.cs'
-lib:'/Applications/Unity/Unity.app/Contents/MonoBleedingEdge/lib/mono/unity'

-----CompilerOutput:-stdout--exitcode: 0--compilationhadfailure: False--outfile: Temp/Assembly-CSharp.dll
Compilation succeeded - 3 warning(s)
-----CompilerOutput:-stderr----------
Assets/Scripts/GameController.cs(33,52): warning CS0618: `UnityEngine.Application.loadedLevel' is obsolete: `Use SceneManager to determine what scenes have been loaded'
Assets/Scripts/GameController.cs(33,29): warning CS0618: `UnityEngine.Application.LoadLevel(int)' is obsolete: `Use SceneManager.LoadScene'
Assets/Scripts/PlayerController.cs(30,16): warning CS0219: The variable `gameControllerObject' is assigned but its value is never used
-----EndCompilerOutput---------------
- Finished compile Library/ScriptAssemblies/Assembly-CSharp.dll
Symbols will be read from Temp/Assembly-CSharp.dll.mdb
Script Module: Assembly-CSharp.dll
Pass: 0 took 4 milliseconds
Pass: 1 took 16 milliseconds
Assets/Scripts/GameController.cs(33,52): warning CS0618: `UnityEngine.Application.loadedLevel' is obsolete: `Use SceneManager to determine what scenes have been loaded'
 
(Filename: Assets/Scripts/GameController.cs Line: 33)

Assets/Scripts/GameController.cs(33,29): warning CS0618: `UnityEngine.Application.LoadLevel(int)' is obsolete: `Use SceneManager.LoadScene'
 
(Filename: Assets/Scripts/GameController.cs Line: 33)

Assets/Scripts/PlayerController.cs(30,16): warning CS0219: The variable `gameControllerObject' is assigned but its value is never used
 
(Filename: Assets/Scripts/PlayerController.cs Line: 30)

Reloading assemblies after script compilation.
Begin MonoManager ReloadAssembly
Refreshing native plugins compatible for Editor in 10.26 ms, found 4 plugins.
Preloading 2 native plugins for Editor in 1.54 ms.
Mono: successfully reloaded assembly
- Completed reload, in  0.808 seconds
Initializing Unity.PackageManager (PackageManager) v2018.1.5 for Unity v2018.1.5f1
Registering platform support modules:
Registered platform support modules in: 0.044528s.
Native extension for OSXStandalone target not found
Native extension for WindowsStandalone target not found
Native extension for WebGL target not found
Refreshing native plugins compatible for Editor in 0.44 ms, found 4 plugins.
Preloading 2 native plugins for Editor in 1.55 ms.

----- Total AssetImport time: 2.322808s, AssetImport time: 2.206360s, Asset hashing: 0.000294s [0.6 KB, 1.887287 mb/s]

Refresh completed in 2.338750 seconds.
Warming cache for 482 main assets: 0.001360 seconds elapsed
Initializing Unity extensions:
 '/Applications/Unity/Unity.app/Contents/UnityExtensions/Unity/UnityHoloLens/Editor/UnityEditor.HoloLens.dll'  GUID: 12fd8a0055b84bb59e84c9835a37e333
 '/Applications/Unity/Unity.app/Contents/UnityExtensions/Unity/Timeline/Runtime/UnityEngine.Timeline.dll'  GUID: 6a10b2909283487f913b00d94cd3faf5
 '/Applications/Unity/Unity.app/Contents/UnityExtensions/Unity/TestRunner/portable/nunit.framework.dll'  GUID: 405b9b51bb344a128608d968297df79c
 '/Applications/Unity/Unity.app/Contents/UnityExtensions/Unity/GUISystem/Standalone/UnityEngine.UI.dll'  GUID: f70555f144d8491a825f0804e09c671c
 '/Applications/Unity/Unity.app/Contents/UnityExtensions/Unity/GUISystem/UnityEngine.UI.dll'  GUID: f5f67c52d1564df4a8936ccd202a3bd8
 '/Applications/Unity/Unity.app/Contents/UnityExtensions/Unity/Timeline/RuntimeEditor/UnityEngine.Timeline.dll'  GUID: 844f815391db42d49455cbf1a7bfc434
 '/Applications/Unity/Unity.app/Contents/UnityExtensions/Unity/Networking/Standalone/UnityEngine.Networking.dll'  GUID: dc443db3e92b4983b9738c1131f555cb
 '/Applications/Unity/Unity.app/Contents/UnityExtensions/Unity/UnitySpatialTracking/Runtime/UnityEngine.SpatialTracking.dll'  GUID: ed7343f30e3843b3afda8f8b02669cea
 '/Applications/Unity/Unity.app/Contents/UnityExtensions/Unity/UnityGoogleAudioSpatializer/Editor/UnityEditor.GoogleAudioSpatializer.dll'  GUID: 4a3ecb1425d14502837abea459cf2b70
 '/Applications/Unity/Unity.app/Contents/UnityExtensions/Unity/Networking/Editor/UnityEditor.Networking.dll'  GUID: 5f32cd94baa94578a686d4b9d6b660f7
 '/Applications/Unity/Unity.app/Contents/UnityExtensions/Unity/UnityHoloLens/Runtime/UnityEngine.HoloLens.dll'  GUID: f7b54ff4a43d4fcf81b4538b678e0bcc
 '/Applications/Unity/Unity.app/Contents/UnityExtensions/Unity/UnitySpatialTracking/Editor/UnityEditor.SpatialTracking.dll'  GUID: b5da970776034f77a070d99423d68791
 '/Applications/Unity/Unity.app/Contents/UnityExtensions/Unity/TreeEditor/Editor/UnityEditor.TreeEditor.dll'  GUID: adebbd281f1a4ef3a30be7f21937e02f
 '/Applications/Unity/Unity.app/Contents/UnityExtensions/Unity/Networking/UnityEngine.Networking.dll'  GUID: 870353891bb340e2b2a9c8707e7419ba
 '/Applications/Unity/Unity.app/Contents/UnityExtensions/Unity/TestRunner/UnityEngine.TestRunner.dll'  GUID: 53ebcfaa2e1e4e2dbc85882cd5a73fa1
 '/Applications/Unity/Unity.app/Contents/UnityExtensions/Unity/UnityGoogleAudioSpatializer/RuntimeEditor/UnityEngine.GoogleAudioSpatializer.dll'  GUID: ead147da21254ff9a0a936bdd75e1680
 '/Applications/Unity/Unity.app/Contents/UnityExtensions/Unity/UnityGoogleAudioSpatializer/Runtime/UnityEngine.GoogleAudioSpatializer.dll'  GUID: e4f4cf1b9b434137a499903a7a1d651a
 '/Applications/Unity/Unity.app/Contents/UnityExtensions/Unity/UnityVR/Editor/UnityEditor.VR.dll'  GUID: 4ba2329b63d54f0187bcaa12486b1b0f
 '/Applications/Unity/Unity.app/Contents/UnityExtensions/Unity/UnityHoloLens/RuntimeEditor/UnityEngine.HoloLens.dll'  GUID: 1c6d1fbb51834b64847b1b73a75bfc77
 '/Applications/Unity/Unity.app/Contents/UnityExtensions/Unity/UnitySpatialTracking/RuntimeEditor/UnityEngine.SpatialTracking.dll'  GUID: 3a84de5cd0624681b6b6dcd8921d912a
 '/Applications/Unity/Unity.app/Contents/UnityExtensions/Unity/GUISystem/Editor/UnityEditor.UI.dll'  GUID: 80a3616ca19596e4da0f10f14d241e9f
 '/Applications/Unity/Unity.app/Contents/UnityExtensions/Unity/UIAutomation/UnityEngine.UIAutomation.dll'  GUID: c768acbc9cf24d398488bb4c93b91288
 '/Applications/Unity/Unity.app/Contents/UnityExtensions/Unity/TestRunner/Editor/UnityEditor.TestRunner.dll'  GUID: 4113173d5e95493ab8765d7b08371de4
 '/Applications/Unity/Unity.app/Contents/UnityExtensions/Unity/TestRunner/net35/unity-custom/nunit.framework.dll'  GUID: 4b3fa4bde7f1451a8218c03ee6a8ded8
 '/Applications/Unity/Unity.app/Contents/UnityExtensions/Unity/UIAutomation/Editor/UnityEditor.UIAutomation.dll'  GUID: b8a0574e92bd43a59e19d6c3c6ae54c7
 '/Applications/Unity/Unity.app/Contents/UnityExtensions/Unity/Timeline/Editor/UnityEditor.Timeline.dll'  GUID: 7668179ede524d6396c8b7d84461ea29
WARNING: Shader Unsupported: 'Hidden/FrameDebuggerRenderTargetDisplay' - Pass '' has no vertex shader
Unloading 65 Unused Serialized files (Serialized files now loaded: 0)
System memory in use before: 240.7 MB.
System memory in use after: 240.8 MB.

Unloading 17 unused Assets to reduce memory usage. Loaded Objects now: 754.
Total: 1.611068 ms (FindLiveObjects: 0.671519 ms CreateObjectMapping: 0.018777 ms MarkObjects: 0.862395 ms  DeleteObjects: 0.057693 ms)

Refresh: detecting if any assets need to be imported or removed ... Refresh: elapses 0.075616 seconds
Refreshing native plugins compatible for Editor in 1.39 ms, found 4 plugins.
Preloading 2 native plugins for Editor in 2.32 ms.

----- Total AssetImport time: 0.129932s, AssetImport time: 0.000000s, Asset hashing: 0.000000s [0 B, 0.000000 mb/s]

Refresh completed in 0.145815 seconds.
BuildPlayer: start building target 20
- Starting compile Library/ScriptAssemblies/Assembly-CSharp.dll

-----Compiler Commandline Arguments:
Filename: /Applications/Unity/Unity.app/Contents/MonoBleedingEdge/bin/mono
Arguments: '/Applications/Unity/Unity.app/Contents/MonoBleedingEdge/lib/mono/4.5/mcs.exe'  @Temp/UnityTempFile-4151679066ede4dd7ac3896f82ec2f7f
index: 81
Responsefile: Temp/UnityTempFile-4151679066ede4dd7ac3896f82ec2f7f Contents: 
-debug
-target:library
-nowarn:0169
-langversion:4
-out:'Temp/Assembly-CSharp.dll'
-nostdlib
-optimize
-r:'/Applications/Unity/PlaybackEngines/WebGLSupport/Managed/UnityEngine.dll'
-r:'/Applications/Unity/PlaybackEngines/WebGLSupport/Managed/UnityEngine.AIModule.dll'
-r:'/Applications/Unity/PlaybackEngines/WebGLSupport/Managed/UnityEngine.ARModule.dll'
-r:'/Applications/Unity/PlaybackEngines/WebGLSupport/Managed/UnityEngine.AccessibilityModule.dll'
-r:'/Applications/Unity/PlaybackEngines/WebGLSupport/Managed/UnityEngine.AnimationModule.dll'
-r:'/Applications/Unity/PlaybackEngines/WebGLSupport/Managed/UnityEngine.AssetBundleModule.dll'
-r:'/Applications/Unity/PlaybackEngines/WebGLSupport/Managed/UnityEngine.AudioModule.dll'
-r:'/Applications/Unity/PlaybackEngines/WebGLSupport/Managed/UnityEngine.BaselibModule.dll'
-r:'/Applications/Unity/PlaybackEngines/WebGLSupport/Managed/UnityEngine.ClothModule.dll'
-r:'/Applications/Unity/PlaybackEngines/WebGLSupport/Managed/UnityEngine.CloudWebServicesModule.dll'
-r:'/Applications/Unity/PlaybackEngines/WebGLSupport/Managed/UnityEngine.CoreModule.dll'
-r:'/Applications/Unity/PlaybackEngines/WebGLSupport/Managed/UnityEngine.CrashReportingModule.dll'
-r:'/Applications/Unity/PlaybackEngines/WebGLSupport/Managed/UnityEngine.DirectorModule.dll'
-r:'/Applications/Unity/PlaybackEngines/WebGLSupport/Managed/UnityEngine.FacebookModule.dll'
-r:'/Applications/Unity/PlaybackEngines/WebGLSupport/Managed/UnityEngine.GameCenterModule.dll'
-r:'/Applications/Unity/PlaybackEngines/WebGLSupport/Managed/UnityEngine.GridModule.dll'
-r:'/Applications/Unity/PlaybackEngines/WebGLSupport/Managed/UnityEngine.HotReloadModule.dll'
-r:'/Applications/Unity/PlaybackEngines/WebGLSupport/Managed/UnityEngine.IMGUIModule.dll'
-r:'/Applications/Unity/PlaybackEngines/WebGLSupport/Managed/UnityEngine.ImageConversionModule.dll'
-r:'/Applications/Unity/PlaybackEngines/WebGLSupport/Managed/UnityEngine.InputModule.dll'
-r:'/Applications/Unity/PlaybackEngines/WebGLSupport/Managed/UnityEngine.JSONSerializeModule.dll'
-r:'/Applications/Unity/PlaybackEngines/WebGLSupport/Managed/UnityEngine.ParticleSystemModule.dll'
-r:'/Applications/Unity/PlaybackEngines/WebGLSupport/Managed/UnityEngine.ParticlesLegacyModule.dll'
-r:'/Applications/Unity/PlaybackEngines/WebGLSupport/Managed/UnityEngine.PerformanceReportingModule.dll'
-r:'/Applications/Unity/PlaybackEngines/WebGLSupport/Managed/UnityEngine.PhysicsModule.dll'
-r:'/Applications/Unity/PlaybackEngines/WebGLSupport/Managed/UnityEngine.Physics2DModule.dll'
-r:'/Applications/Unity/PlaybackEngines/WebGLSupport/Managed/UnityEngine.ScreenCaptureModule.dll'
-r:'/Applications/Unity/PlaybackEngines/WebGLSupport/Managed/UnityEngine.SharedInternalsModule.dll'
-r:'/Applications/Unity/PlaybackEngines/WebGLSupport/Managed/UnityEngine.SpatialTrackingModule.dll'
-r:'/Applications/Unity/PlaybackEngines/WebGLSupport/Managed/UnityEngine.SpriteMaskModule.dll'
-r:'/Applications/Unity/PlaybackEngines/WebGLSupport/Managed/UnityEngine.SpriteShapeModule.dll'
-r:'/Applications/Unity/PlaybackEngines/WebGLSupport/Managed/UnityEngine.StyleSheetsModule.dll'
-r:'/Applications/Unity/PlaybackEngines/WebGLSupport/Managed/UnityEngine.SubstanceModule.dll'
-r:'/Applications/Unity/PlaybackEngines/WebGLSupport/Managed/UnityEngine.TLSModule.dll'
-r:'/Applications/Unity/PlaybackEngines/WebGLSupport/Managed/UnityEngine.TerrainModule.dll'
-r:'/Applications/Unity/PlaybackEngines/WebGLSupport/Managed/UnityEngine.TerrainPhysicsModule.dll'
-r:'/Applications/Unity/PlaybackEngines/WebGLSupport/Managed/UnityEngine.TextRenderingModule.dll'
-r:'/Applications/Unity/PlaybackEngines/WebGLSupport/Managed/UnityEngine.TilemapModule.dll'
-r:'/Applications/Unity/PlaybackEngines/WebGLSupport/Managed/UnityEngine.TimelineModule.dll'
-r:'/Applications/Unity/PlaybackEngines/WebGLSupport/Managed/UnityEngine.UIModule.dll'
-r:'/Applications/Unity/PlaybackEngines/WebGLSupport/Managed/UnityEngine.UIElementsModule.dll'
-r:'/Applications/Unity/PlaybackEngines/WebGLSupport/Managed/UnityEngine.UNETModule.dll'
-r:'/Applications/Unity/PlaybackEngines/WebGLSupport/Managed/UnityEngine.UmbraModule.dll'
-r:'/Applications/Unity/PlaybackEngines/WebGLSupport/Managed/UnityEngine.UnityAnalyticsModule.dll'
-r:'/Applications/Unity/PlaybackEngines/WebGLSupport/Managed/UnityEngine.UnityConnectModule.dll'
-r:'/Applications/Unity/PlaybackEngines/WebGLSupport/Managed/UnityEngine.UnityWebRequestModule.dll'
-r:'/Applications/Unity/PlaybackEngines/WebGLSupport/Managed/UnityEngine.UnityWebRequestAssetBundleModule.dll'
-r:'/Applications/Unity/PlaybackEngines/WebGLSupport/Managed/UnityEngine.UnityWebRequestAudioModule.dll'
-r:'/Applications/Unity/PlaybackEngines/WebGLSupport/Managed/UnityEngine.UnityWebRequestTextureModule.dll'
-r:'/Applications/Unity/PlaybackEngines/WebGLSupport/Managed/UnityEngine.UnityWebRequestWWWModule.dll'
-r:'/Applications/Unity/PlaybackEngines/WebGLSupport/Managed/UnityEngine.VRModule.dll'
-r:'/Applications/Unity/PlaybackEngines/WebGLSupport/Managed/UnityEngine.VehiclesModule.dll'
-r:'/Applications/Unity/PlaybackEngines/WebGLSupport/Managed/UnityEngine.VideoModule.dll'
-r:'/Applications/Unity/PlaybackEngines/WebGLSupport/Managed/UnityEngine.WebModule.dll'
-r:'/Applications/Unity/PlaybackEngines/WebGLSupport/Managed/UnityEngine.WebGLModule.dll'
-r:'/Applications/Unity/PlaybackEngines/WebGLSupport/Managed/UnityEngine.WindModule.dll'
-r:'/Applications/Unity/PlaybackEngines/WebGLSupport/Managed/UnityEngine.XRModule.dll'
-r:'/Applications/Unity/Unity.app/Contents/UnityExtensions/Unity/TestRunner/UnityEngine.TestRunner.dll'
-r:'/Applications/Unity/Unity.app/Contents/UnityExtensions/Unity/TestRunner/net35/unity-custom/nunit.framework.dll'
-r:'/Applications/Unity/Unity.app/Contents/UnityExtensions/Unity/Networking/Standalone/UnityEngine.Networking.dll'
-r:'/Applications/Unity/Unity.app/Contents/UnityExtensions/Unity/GUISystem/Standalone/UnityEngine.UI.dll'
-r:'/Applications/Unity/Unity.app/Contents/UnityExtensions/Unity/Timeline/Runtime/UnityEngine.Timeline.dll'
-r:'/Users/lexa/Library/Unity/cache/packages/packages.unity.com/com.unity.analytics@2.0.16/UnityEngine.Analytics.dll'
-r:'/Users/lexa/Library/Unity/cache/packages/packages.unity.com/com.unity.standardevents@1.0.13/UnityEngine.StandardEvents.dll'
-r:'/Applications/Unity/Unity.app/Contents/MonoBleedingEdge/lib/mono/unity/mscorlib.dll'
-r:'/Applications/Unity/Unity.app/Contents/MonoBleedingEdge/lib/mono/unity/System.dll'
-r:'/Applications/Unity/Unity.app/Contents/MonoBleedingEdge/lib/mono/unity/System.Core.dll'
-r:'/Applications/Unity/Unity.app/Contents/MonoBleedingEdge/lib/mono/unity/System.Runtime.Serialization.dll'
-r:'/Applications/Unity/Unity.app/Contents/MonoBleedingEdge/lib/mono/unity/System.Xml.dll'
-r:'/Applications/Unity/Unity.app/Contents/MonoBleedingEdge/lib/mono/unity/System.Xml.Linq.dll'
-r:'/Applications/Unity/Unity.app/Contents/MonoBleedingEdge/lib/mono/unity/UnityScript.dll'
-r:'/Applications/Unity/Unity.app/Contents/MonoBleedingEdge/lib/mono/unity/UnityScript.Lang.dll'
-r:'/Applications/Unity/Unity.app/Contents/MonoBleedingEdge/lib/mono/unity/Boo.Lang.dll'
-define:UNITY_5_3_OR_NEWER
-define:UNITY_5_4_OR_NEWER
-define:UNITY_5_5_OR_NEWER
-define:UNITY_5_6_OR_NEWER
-define:UNITY_2017_1_OR_NEWER
-define:UNITY_2017_2_OR_NEWER
-define:UNITY_2017_3_OR_NEWER
-define:UNITY_2018_1_OR_NEWER
-define:UNITY_2018_1_5
-define:UNITY_2018_1
-define:UNITY_2018
-define:UNITY_ANALYTICS
-define:ENABLE_AUDIO
-define:ENABLE_CACHING
-define:ENABLE_CLOTH
-define:ENABLE_MULTIPLE_DISPLAYS
-define:ENABLE_PHYSICS
-define:ENABLE_SPRITERENDERER_FLIPPING
-define:ENABLE_SPRITES
-define:ENABLE_GRID
-define:ENABLE_TILEMAP
-define:ENABLE_TERRAIN
-define:ENABLE_DIRECTOR
-define:ENABLE_UNET
-define:ENABLE_UNITYEVENTS
-define:ENABLE_WEBCAM
-define:ENABLE_WWW
-define:ENABLE_CLOUD_SERVICES_COLLAB
-define:ENABLE_CLOUD_SERVICES_COLLAB_SOFTLOCKS
-define:ENABLE_CLOUD_HUB
-define:ENABLE_CLOUD_PROJECT_ID
-define:ENABLE_CLOUD_SERVICES_USE_WEBREQUEST
-define:ENABLE_CLOUD_SERVICES_UNET
-define:ENABLE_CLOUD_SERVICES_BUILD
-define:ENABLE_CLOUD_LICENSE
-define:ENABLE_EDITOR_HUB
-define:ENABLE_EDITOR_HUB_LICENSE
-define:ENABLE_WEBSOCKET_CLIENT
-define:ENABLE_DIRECTOR_AUDIO
-define:ENABLE_DIRECTOR_TEXTURE
-define:ENABLE_TIMELINE
-define:ENABLE_EDITOR_METRICS
-define:ENABLE_EDITOR_METRICS_CACHING
-define:ENABLE_MANAGED_JOBS
-define:ENABLE_MANAGED_TRANSFORM_JOBS
-define:INCLUDE_DYNAMIC_GI
-define:INCLUDE_GI
-define:ENABLE_MONO_BDWGC
-define:RENDER_SOFTWARE_CURSOR
-define:INCLUDE_PUBNUB
-define:ENABLE_PLAYMODE_TESTS_RUNNER
-define:ENABLE_VIDEO
-define:ENABLE_PACKMAN
-define:ENABLE_CUSTOM_RENDER_TEXTURE
-define:ENABLE_LOCALIZATION
-define:PLATFORM_WEBGL
-define:UNITY_WEBGL
-define:UNITY_WEBGL_API
-define:UNITY_DISABLE_WEB_VERIFICATION
-define:UNITY_GFX_USE_PLATFORM_VSYNC
-define:ENABLE_CRUNCH_TEXTURE_COMPRESSION
-define:ENABLE_UNITYWEBREQUEST
-define:ENABLE_CLOUD_SERVICES
-define:ENABLE_CLOUD_SERVICES_ADS
-define:ENABLE_CLOUD_SERVICES_ANALYTICS
-define:ENABLE_CLOUD_SERVICES_PURCHASING
-define:ENABLE_CLOUD_SERVICES_CRASH_REPORTING
-define:ENABLE_VR
-define:ENABLE_SPATIALTRACKING
-define:ENABLE_IL2CPP
-define:NET_2_0_SUBSET
'Assets/Scripts/Build.cs'
'Assets/Scripts/DestroyByContact.cs'
'Assets/Scripts/GameController.cs'
'Assets/Scripts/Mover.cs'
'Assets/Scripts/PlayerController.cs'
'Assets/Scripts/Tumble.cs'
'Assets/Scripts/WrapByBoundary.cs'
-lib:'/Applications/Unity/Unity.app/Contents/MonoBleedingEdge/lib/mono/unity'

-----CompilerOutput:-stdout--exitcode: 1--compilationhadfailure: True--outfile: Temp/Assembly-CSharp.dll
Compilation failed: 2 error(s), 2 warnings
-----CompilerOutput:-stderr----------
Assets/Scripts/Build.cs(8,10): error CS0103: The name `EditorUserBuildSettings' does not exist in the current context
Assets/Scripts/Build.cs(9,10): error CS0103: The name `BuildPipeline' does not exist in the current context
Assets/Scripts/GameController.cs(33,52): warning CS0618: `UnityEngine.Application.loadedLevel' is obsolete: `Use SceneManager to determine what scenes have been loaded'
Assets/Scripts/GameController.cs(33,29): warning CS0618: `UnityEngine.Application.LoadLevel(int)' is obsolete: `Use SceneManager.LoadScene'
-----EndCompilerOutput---------------
- Finished compile Library/ScriptAssemblies/Assembly-CSharp.dll
Assets/Scripts/Build.cs(8,10): error CS0103: The name `EditorUserBuildSettings' does not exist in the current context
 
(Filename: Assets/Scripts/Build.cs Line: 8)

Assets/Scripts/Build.cs(9,10): error CS0103: The name `BuildPipeline' does not exist in the current context
 
(Filename: Assets/Scripts/Build.cs Line: 9)

Assets/Scripts/GameController.cs(33,52): warning CS0618: `UnityEngine.Application.loadedLevel' is obsolete: `Use SceneManager to determine what scenes have been loaded'
 
(Filename: Assets/Scripts/GameController.cs Line: 33)

Assets/Scripts/GameController.cs(33,29): warning CS0618: `UnityEngine.Application.LoadLevel(int)' is obsolete: `Use SceneManager.LoadScene'
 
(Filename: Assets/Scripts/GameController.cs Line: 33)

Error building Player because scripts had compiler errors
 
(Filename:  Line: -1)

Unloading 13 Unused Serialized files (Serialized files now loaded: 0)
System memory in use before: 276.9 MB.
System memory in use after: 277.1 MB.

Unloading 8 unused Assets to reduce memory usage. Loaded Objects now: 2759.
Total: 4.934567 ms (FindLiveObjects: 0.843256 ms CreateObjectMapping: 0.091130 ms MarkObjects: 3.943473 ms  DeleteObjects: 0.055873 ms)

Load scene 'Temp/__Backupscenes/0.backup' time: 0.093426 ms 
Unloading 0 Unused Serialized files (Serialized files now loaded: 0)
System memory in use before: 276.6 MB.
System memory in use after: 276.9 MB.

Unloading 0 unused Assets to reduce memory usage. Loaded Objects now: 2759.
Total: 5.753154 ms (FindLiveObjects: 1.107412 ms CreateObjectMapping: 0.041843 ms MarkObjects: 4.595892 ms  DeleteObjects: 0.006832 ms)


*** Cancelled 'Build.Player.WebGLSupport' in 1 seconds (1411 ms)

- Starting compile Library/ScriptAssemblies/Unity.PackageManagerUI.Editor.dll
- Starting compile Library/ScriptAssemblies/UnityEditor.StandardEvents.dll
- Finished compile Library/ScriptAssemblies/UnityEditor.StandardEvents.dll
- Finished compile Library/ScriptAssemblies/Unity.PackageManagerUI.Editor.dll
- Starting compile Library/ScriptAssemblies/Assembly-CSharp.dll

-----Compiler Commandline Arguments:
Filename: /Applications/Unity/Unity.app/Contents/MonoBleedingEdge/bin/mono
Arguments: '/Applications/Unity/Unity.app/Contents/MonoBleedingEdge/lib/mono/4.5/mcs.exe'  @Temp/UnityTempFile-26d98c12db5a2456a8e9e3ed2def550a
index: 81
Responsefile: Temp/UnityTempFile-26d98c12db5a2456a8e9e3ed2def550a Contents: 
-debug
-target:library
-nowarn:0169
-langversion:4
-out:'Temp/Assembly-CSharp.dll'
-nostdlib
-r:'Library/ScriptAssemblies/UnityEditor.StandardEvents.dll'
-r:'Library/ScriptAssemblies/Unity.PackageManagerUI.Editor.dll'
-r:'/Applications/Unity/Unity.app/Contents/Managed/UnityEngine/UnityEngine.dll'
-r:'/Applications/Unity/Unity.app/Contents/Managed/UnityEngine/UnityEngine.AIModule.dll'
-r:'/Applications/Unity/Unity.app/Contents/Managed/UnityEngine/UnityEngine.ARModule.dll'
-r:'/Applications/Unity/Unity.app/Contents/Managed/UnityEngine/UnityEngine.AccessibilityModule.dll'
-r:'/Applications/Unity/Unity.app/Contents/Managed/UnityEngine/UnityEngine.AnimationModule.dll'
-r:'/Applications/Unity/Unity.app/Contents/Managed/UnityEngine/UnityEngine.AssetBundleModule.dll'
-r:'/Applications/Unity/Unity.app/Contents/Managed/UnityEngine/UnityEngine.AudioModule.dll'
-r:'/Applications/Unity/Unity.app/Contents/Managed/UnityEngine/UnityEngine.BaselibModule.dll'
-r:'/Applications/Unity/Unity.app/Contents/Managed/UnityEngine/UnityEngine.ClothModule.dll'
-r:'/Applications/Unity/Unity.app/Contents/Managed/UnityEngine/UnityEngine.CloudWebServicesModule.dll'
-r:'/Applications/Unity/Unity.app/Contents/Managed/UnityEngine/UnityEngine.CoreModule.dll'
-r:'/Applications/Unity/Unity.app/Contents/Managed/UnityEngine/UnityEngine.CrashReportingModule.dll'
-r:'/Applications/Unity/Unity.app/Contents/Managed/UnityEngine/UnityEngine.DirectorModule.dll'
-r:'/Applications/Unity/Unity.app/Contents/Managed/UnityEngine/UnityEngine.FacebookModule.dll'
-r:'/Applications/Unity/Unity.app/Contents/Managed/UnityEngine/UnityEngine.GameCenterModule.dll'
-r:'/Applications/Unity/Unity.app/Contents/Managed/UnityEngine/UnityEngine.GridModule.dll'
-r:'/Applications/Unity/Unity.app/Contents/Managed/UnityEngine/UnityEngine.HotReloadModule.dll'
-r:'/Applications/Unity/Unity.app/Contents/Managed/UnityEngine/UnityEngine.IMGUIModule.dll'
-r:'/Applications/Unity/Unity.app/Contents/Managed/UnityEngine/UnityEngine.ImageConversionModule.dll'
-r:'/Applications/Unity/Unity.app/Contents/Managed/UnityEngine/UnityEngine.InputModule.dll'
-r:'/Applications/Unity/Unity.app/Contents/Managed/UnityEngine/UnityEngine.JSONSerializeModule.dll'
-r:'/Applications/Unity/Unity.app/Contents/Managed/UnityEngine/UnityEngine.ParticleSystemModule.dll'
-r:'/Applications/Unity/Unity.app/Contents/Managed/UnityEngine/UnityEngine.ParticlesLegacyModule.dll'
-r:'/Applications/Unity/Unity.app/Contents/Managed/UnityEngine/UnityEngine.PerformanceReportingModule.dll'
-r:'/Applications/Unity/Unity.app/Contents/Managed/UnityEngine/UnityEngine.PhysicsModule.dll'
-r:'/Applications/Unity/Unity.app/Contents/Managed/UnityEngine/UnityEngine.Physics2DModule.dll'
-r:'/Applications/Unity/Unity.app/Contents/Managed/UnityEngine/UnityEngine.ScreenCaptureModule.dll'
-r:'/Applications/Unity/Unity.app/Contents/Managed/UnityEngine/UnityEngine.SharedInternalsModule.dll'
-r:'/Applications/Unity/Unity.app/Contents/Managed/UnityEngine/UnityEngine.SpatialTrackingModule.dll'
-r:'/Applications/Unity/Unity.app/Contents/Managed/UnityEngine/UnityEngine.SpriteMaskModule.dll'
-r:'/Applications/Unity/Unity.app/Contents/Managed/UnityEngine/UnityEngine.SpriteShapeModule.dll'
-r:'/Applications/Unity/Unity.app/Contents/Managed/UnityEngine/UnityEngine.StyleSheetsModule.dll'
-r:'/Applications/Unity/Unity.app/Contents/Managed/UnityEngine/UnityEngine.SubstanceModule.dll'
-r:'/Applications/Unity/Unity.app/Contents/Managed/UnityEngine/UnityEngine.TLSModule.dll'
-r:'/Applications/Unity/Unity.app/Contents/Managed/UnityEngine/UnityEngine.TerrainModule.dll'
-r:'/Applications/Unity/Unity.app/Contents/Managed/UnityEngine/UnityEngine.TerrainPhysicsModule.dll'
-r:'/Applications/Unity/Unity.app/Contents/Managed/UnityEngine/UnityEngine.TextRenderingModule.dll'
-r:'/Applications/Unity/Unity.app/Contents/Managed/UnityEngine/UnityEngine.TilemapModule.dll'
-r:'/Applications/Unity/Unity.app/Contents/Managed/UnityEngine/UnityEngine.TimelineModule.dll'
-r:'/Applications/Unity/Unity.app/Contents/Managed/UnityEngine/UnityEngine.UIModule.dll'
-r:'/Applications/Unity/Unity.app/Contents/Managed/UnityEngine/UnityEngine.UIElementsModule.dll'
-r:'/Applications/Unity/Unity.app/Contents/Managed/UnityEngine/UnityEngine.UNETModule.dll'
-r:'/Applications/Unity/Unity.app/Contents/Managed/UnityEngine/UnityEngine.UmbraModule.dll'
-r:'/Applications/Unity/Unity.app/Contents/Managed/UnityEngine/UnityEngine.UnityAnalyticsModule.dll'
-r:'/Applications/Unity/Unity.app/Contents/Managed/UnityEngine/UnityEngine.UnityConnectModule.dll'
-r:'/Applications/Unity/Unity.app/Contents/Managed/UnityEngine/UnityEngine.UnityWebRequestModule.dll'
-r:'/Applications/Unity/Unity.app/Contents/Managed/UnityEngine/UnityEngine.UnityWebRequestAssetBundleModule.dll'
-r:'/Applications/Unity/Unity.app/Contents/Managed/UnityEngine/UnityEngine.UnityWebRequestAudioModule.dll'
-r:'/Applications/Unity/Unity.app/Contents/Managed/UnityEngine/UnityEngine.UnityWebRequestTextureModule.dll'
-r:'/Applications/Unity/Unity.app/Contents/Managed/UnityEngine/UnityEngine.UnityWebRequestWWWModule.dll'
-r:'/Applications/Unity/Unity.app/Contents/Managed/UnityEngine/UnityEngine.VRModule.dll'
-r:'/Applications/Unity/Unity.app/Contents/Managed/UnityEngine/UnityEngine.VehiclesModule.dll'
-r:'/Applications/Unity/Unity.app/Contents/Managed/UnityEngine/UnityEngine.VideoModule.dll'
-r:'/Applications/Unity/Unity.app/Contents/Managed/UnityEngine/UnityEngine.WebModule.dll'
-r:'/Applications/Unity/PlaybackEngines/WebGLSupport/Managed/UnityEngine.WebGLModule.dll'
-r:'/Applications/Unity/Unity.app/Contents/Managed/UnityEngine/UnityEngine.WindModule.dll'
-r:'/Applications/Unity/Unity.app/Contents/Managed/UnityEngine/UnityEngine.XRModule.dll'
-r:'/Applications/Unity/Unity.app/Contents/Managed/UnityEditor.dll'
-r:'/Applications/Unity/Unity.app/Contents/Managed/Unity.Locator.dll'
-r:'/Applications/Unity/Unity.app/Contents/UnityExtensions/Unity/UIAutomation/UnityEngine.UIAutomation.dll'
-r:'/Applications/Unity/Unity.app/Contents/UnityExtensions/Unity/Networking/UnityEngine.Networking.dll'
-r:'/Applications/Unity/Unity.app/Contents/UnityExtensions/Unity/GUISystem/UnityEngine.UI.dll'
-r:'/Applications/Unity/Unity.app/Contents/UnityExtensions/Unity/Timeline/RuntimeEditor/UnityEngine.Timeline.dll'
-r:'/Applications/Unity/Unity.app/Contents/UnityExtensions/Unity/UnityGoogleAudioSpatializer/RuntimeEditor/UnityEngine.GoogleAudioSpatializer.dll'
-r:'/Applications/Unity/Unity.app/Contents/UnityExtensions/Unity/UnityHoloLens/RuntimeEditor/UnityEngine.HoloLens.dll'
-r:'/Applications/Unity/Unity.app/Contents/UnityExtensions/Unity/UnitySpatialTracking/RuntimeEditor/UnityEngine.SpatialTracking.dll'
-r:'/Users/lexa/Library/Unity/cache/packages/packages.unity.com/com.unity.analytics@2.0.16/UnityEngine.Analytics.dll'
-r:'/Users/lexa/Library/Unity/cache/packages/packages.unity.com/com.unity.purchasing@2.0.1/UnityEngine.Purchasing.dll'
-r:'/Users/lexa/Library/Unity/cache/packages/packages.unity.com/com.unity.standardevents@1.0.13/UnityEngine.StandardEvents.dll'
-r:'/Applications/Unity/Unity.app/Contents/MonoBleedingEdge/lib/mono/unity/mscorlib.dll'
-r:'/Applications/Unity/Unity.app/Contents/MonoBleedingEdge/lib/mono/unity/System.dll'
-r:'/Applications/Unity/Unity.app/Contents/MonoBleedingEdge/lib/mono/unity/System.Core.dll'
-r:'/Applications/Unity/Unity.app/Contents/MonoBleedingEdge/lib/mono/unity/System.Runtime.Serialization.dll'
-r:'/Applications/Unity/Unity.app/Contents/MonoBleedingEdge/lib/mono/unity/System.Xml.dll'
-r:'/Applications/Unity/Unity.app/Contents/MonoBleedingEdge/lib/mono/unity/System.Xml.Linq.dll'
-r:'/Applications/Unity/Unity.app/Contents/MonoBleedingEdge/lib/mono/unity/UnityScript.dll'
-r:'/Applications/Unity/Unity.app/Contents/MonoBleedingEdge/lib/mono/unity/UnityScript.Lang.dll'
-r:'/Applications/Unity/Unity.app/Contents/MonoBleedingEdge/lib/mono/unity/Boo.Lang.dll'
-define:UNITY_5_3_OR_NEWER
-define:UNITY_5_4_OR_NEWER
-define:UNITY_5_5_OR_NEWER
-define:UNITY_5_6_OR_NEWER
-define:UNITY_2017_1_OR_NEWER
-define:UNITY_2017_2_OR_NEWER
-define:UNITY_2017_3_OR_NEWER
-define:UNITY_2018_1_OR_NEWER
-define:UNITY_2018_1_5
-define:UNITY_2018_1
-define:UNITY_2018
-define:UNITY_ANALYTICS
-define:ENABLE_AUDIO
-define:ENABLE_CACHING
-define:ENABLE_CLOTH
-define:ENABLE_MULTIPLE_DISPLAYS
-define:ENABLE_PHYSICS
-define:ENABLE_SPRITERENDERER_FLIPPING
-define:ENABLE_SPRITES
-define:ENABLE_GRID
-define:ENABLE_TILEMAP
-define:ENABLE_TERRAIN
-define:ENABLE_DIRECTOR
-define:ENABLE_UNET
-define:ENABLE_UNITYEVENTS
-define:ENABLE_WEBCAM
-define:ENABLE_WWW
-define:ENABLE_CLOUD_SERVICES_COLLAB
-define:ENABLE_CLOUD_SERVICES_COLLAB_SOFTLOCKS
-define:ENABLE_CLOUD_HUB
-define:ENABLE_CLOUD_PROJECT_ID
-define:ENABLE_CLOUD_SERVICES_USE_WEBREQUEST
-define:ENABLE_CLOUD_SERVICES_UNET
-define:ENABLE_CLOUD_SERVICES_BUILD
-define:ENABLE_CLOUD_LICENSE
-define:ENABLE_EDITOR_HUB
-define:ENABLE_EDITOR_HUB_LICENSE
-define:ENABLE_WEBSOCKET_CLIENT
-define:ENABLE_DIRECTOR_AUDIO
-define:ENABLE_DIRECTOR_TEXTURE
-define:ENABLE_TIMELINE
-define:ENABLE_EDITOR_METRICS
-define:ENABLE_EDITOR_METRICS_CACHING
-define:ENABLE_MANAGED_JOBS
-define:ENABLE_MANAGED_TRANSFORM_JOBS
-define:INCLUDE_DYNAMIC_GI
-define:INCLUDE_GI
-define:ENABLE_MONO_BDWGC
-define:RENDER_SOFTWARE_CURSOR
-define:INCLUDE_PUBNUB
-define:ENABLE_PLAYMODE_TESTS_RUNNER
-define:ENABLE_VIDEO
-define:ENABLE_PACKMAN
-define:ENABLE_CUSTOM_RENDER_TEXTURE
-define:ENABLE_LOCALIZATION
-define:PLATFORM_WEBGL
-define:UNITY_WEBGL
-define:UNITY_WEBGL_API
-define:UNITY_DISABLE_WEB_VERIFICATION
-define:UNITY_GFX_USE_PLATFORM_VSYNC
-define:ENABLE_CRUNCH_TEXTURE_COMPRESSION
-define:ENABLE_UNITYWEBREQUEST
-define:ENABLE_CLOUD_SERVICES
-define:ENABLE_CLOUD_SERVICES_ADS
-define:ENABLE_CLOUD_SERVICES_ANALYTICS
-define:ENABLE_CLOUD_SERVICES_PURCHASING
-define:ENABLE_CLOUD_SERVICES_CRASH_REPORTING
-define:ENABLE_VR
-define:ENABLE_SPATIALTRACKING
-define:ENABLE_IL2CPP
-define:NET_2_0_SUBSET
-define:ENABLE_PROFILER
-define:DEBUG
-define:TRACE
-define:UNITY_ASSERTIONS
-define:UNITY_EDITOR
-define:UNITY_EDITOR_64
-define:UNITY_EDITOR_OSX
-define:ENABLE_UNITY_COLLECTIONS_CHECKS
-define:UNITY_TEAM_LICENSE
'Assets/Scripts/Build.cs'
'Assets/Scripts/DestroyByContact.cs'
'Assets/Scripts/GameController.cs'
'Assets/Scripts/Mover.cs'
'Assets/Scripts/PlayerController.cs'
'Assets/Scripts/Tumble.cs'
'Assets/Scripts/WrapByBoundary.cs'
-lib:'/Applications/Unity/Unity.app/Contents/MonoBleedingEdge/lib/mono/unity'

-----CompilerOutput:-stdout--exitcode: 0--compilationhadfailure: False--outfile: Temp/Assembly-CSharp.dll
Compilation succeeded - 3 warning(s)
-----CompilerOutput:-stderr----------
Assets/Scripts/GameController.cs(33,52): warning CS0618: `UnityEngine.Application.loadedLevel' is obsolete: `Use SceneManager to determine what scenes have been loaded'
Assets/Scripts/GameController.cs(33,29): warning CS0618: `UnityEngine.Application.LoadLevel(int)' is obsolete: `Use SceneManager.LoadScene'
Assets/Scripts/PlayerController.cs(30,16): warning CS0219: The variable `gameControllerObject' is assigned but its value is never used
-----EndCompilerOutput---------------
- Finished compile Library/ScriptAssemblies/Assembly-CSharp.dll
Symbols will be read from Temp/Assembly-CSharp.dll.mdb
Script Module: Assembly-CSharp.dll
Pass: 0 took 4 milliseconds
Pass: 1 took 9 milliseconds
Assets/Scripts/GameController.cs(33,52): warning CS0618: `UnityEngine.Application.loadedLevel' is obsolete: `Use SceneManager to determine what scenes have been loaded'
 
(Filename: Assets/Scripts/GameController.cs Line: 33)

Assets/Scripts/GameController.cs(33,29): warning CS0618: `UnityEngine.Application.LoadLevel(int)' is obsolete: `Use SceneManager.LoadScene'
 
(Filename: Assets/Scripts/GameController.cs Line: 33)

Assets/Scripts/PlayerController.cs(30,16): warning CS0219: The variable `gameControllerObject' is assigned but its value is never used
 
(Filename: Assets/Scripts/PlayerController.cs Line: 30)

Reloading assemblies after script compilation.
Begin MonoManager ReloadAssembly
Refreshing native plugins compatible for Editor in 0.84 ms, found 4 plugins.
Preloading 2 native plugins for Editor in 1.58 ms.
Mono: successfully reloaded assembly
Refreshing native plugins compatible for Editor in 0.44 ms, found 4 plugins.
Preloading 2 native plugins for Editor in 1.51 ms.

----- Total AssetImport time: 0.123174s, AssetImport time: 0.000000s, Asset hashing: 0.000000s [0 B, 0.000000 mb/s]

- Completed reload, in  0.973 seconds
Initializing Unity.PackageManager (PackageManager) v2018.1.5 for Unity v2018.1.5f1
Registering platform support modules:
Registered platform support modules in: 0.044263s.
Native extension for OSXStandalone target not found
Native extension for WindowsStandalone target not found
Native extension for WebGL target not found
Batchmode quit successfully invoked - shutting down!
Refresh: detecting if any assets need to be imported or removed ... Refresh: elapses 0.070987 seconds
Refreshing native plugins compatible for Editor in 0.61 ms, found 4 plugins.
Preloading 2 native plugins for Editor in 2.01 ms.

----- Total AssetImport time: 0.107943s, AssetImport time: 0.000000s, Asset hashing: 0.000000s [0 B, 0.000000 mb/s]

Refresh completed in 0.124424 seconds.
Refresh: detecting if any assets need to be imported or removed ... Refresh: elapses 0.090166 seconds
Refreshing native plugins compatible for Editor in 0.45 ms, found 4 plugins.
Preloading 2 native plugins for Editor in 1.61 ms.

----- Total AssetImport time: 0.116236s, AssetImport time: 0.000000s, Asset hashing: 0.000000s [0 B, 0.000000 mb/s]

Refresh completed in 0.135159 seconds.
Setting up 2 worker threads for Enlighten.
  Thread -> id: 700007d7b000 -> priority: 1 
  Thread -> id: 700007dfe000 -> priority: 1 
[Package Manager] Server::Kill -- Server was shutdown
Cleanup mono
Exiting batchmode successfully now!
